<?xml version="1.0" encoding="UTF-8"?>
<testsuite name="DicitionaryTest" tests="1" skipped="0" failures="0" errors="0" timestamp="2023-03-04T11:55:27" hostname="DESKTOP-7VMJHTH" time="0.025">
  <properties/>
  <testcase name="testBidirectionalTranslation()" classname="DicitionaryTest" time="0.025"/>
  <system-out><![CDATA[]]></system-out>
  <system-err><![CDATA[]]></system-err>
</testsuite>
